Build started 3/7/2013 7:47:36 PM.
     1>Project "C:\Users\Mike\Documents\Documents\Old_School_Work_2010\COP1220\Programs\Switch_Case_Exam\Zone_Calculator\Zone_Calculator\Zone_Calculator.vcxproj" on node 2 (build target(s)).
     1>InitializeBuildStatus:
         Creating "Debug\Zone_Calculator.unsuccessfulbuild" because "AlwaysCreate" was specified.
       ClCompile:
         Deleting file "Debug\Zone_Calculator.pch".
         c:\Program Files (x86)\Microsoft Visual Studio 10.0\VC\bin\CL.exe /c /ZI /nologo /W3 /WX- /Od /Oy- /D WIN32 /D _DEBUG /D _CONSOLE /D _UNICODE /D UNICODE /Gm /EHsc /RTC1 /MDd /GS /fp:precise /Zc:wchar_t /Zc:forScope /Yc"StdAfx.h" /Fp"Debug\Zone_Calculator.pch" /Fo"Debug\\" /Fd"Debug\vc100.pdb" /Gd /TP /analyze- /errorReport:prompt stdafx.cpp
         stdafx.cpp
         c:\Program Files (x86)\Microsoft Visual Studio 10.0\VC\bin\CL.exe /c /ZI /nologo /W3 /WX- /Od /Oy- /D WIN32 /D _DEBUG /D _CONSOLE /D _UNICODE /D UNICODE /Gm /EHsc /RTC1 /MDd /GS /fp:precise /Zc:wchar_t /Zc:forScope /Yu"StdAfx.h" /Fp"Debug\Zone_Calculator.pch" /Fo"Debug\\" /Fd"Debug\vc100.pdb" /Gd /TP /analyze- /errorReport:prompt Zone_Calculator.cpp
         Zone_Calculator.cpp
     1>c:\users\mike\documents\documents\old_school_work_2010\cop1220\programs\switch_case_exam\zone_calculator\zone_calculator\zone_calculator.cpp(15): warning C4996: 'scanf': This function or variable may be unsafe. Consider using scanf_s instead. To disable deprecation, use _CRT_SECURE_NO_WARNINGS. See online help for details.
                 c:\program files (x86)\microsoft visual studio 10.0\vc\include\stdio.h(304) : see declaration of 'scanf'
     1>c:\users\mike\documents\documents\old_school_work_2010\cop1220\programs\switch_case_exam\zone_calculator\zone_calculator\zone_calculator.cpp(26): warning C4305: '=' : truncation from 'double' to 'float'
       ManifestResourceCompile:
         C:\Program Files (x86)\Microsoft SDKs\Windows\v7.0A\bin\rc.exe /nologo /fo"Debug\Zone_Calculator.exe.embed.manifest.res" Debug\Zone_Calculator_manifest.rc 
       Link:
         c:\Program Files (x86)\Microsoft Visual Studio 10.0\VC\bin\link.exe /ERRORREPORT:PROMPT /OUT:"C:\Users\Mike\Documents\Documents\Old_School_Work_2010\COP1220\Programs\Switch_Case_Exam\Zone_Calculator\Debug\Zone_Calculator.exe" /INCREMENTAL /NOLOGO kernel32.lib user32.lib gdi32.lib winspool.lib comdlg32.lib advapi32.lib shell32.lib ole32.lib oleaut32.lib uuid.lib odbc32.lib odbccp32.lib /MANIFEST /ManifestFile:"Debug\Zone_Calculator.exe.intermediate.manifest" /MANIFESTUAC:"level='asInvoker' uiAccess='false'" /DEBUG /PDB:"C:\Users\Mike\Documents\Documents\Old_School_Work_2010\COP1220\Programs\Switch_Case_Exam\Zone_Calculator\Debug\Zone_Calculator.pdb" /SUBSYSTEM:CONSOLE /TLBID:1 /DYNAMICBASE /NXCOMPAT /IMPLIB:"C:\Users\Mike\Documents\Documents\Old_School_Work_2010\COP1220\Programs\Switch_Case_Exam\Zone_Calculator\Debug\Zone_Calculator.lib" /MACHINE:X86 Debug\Zone_Calculator.exe.embed.manifest.res
         Debug\stdafx.obj
         Debug\Zone_Calculator.obj
       Manifest:
         C:\Program Files (x86)\Microsoft SDKs\Windows\v7.0A\bin\mt.exe /nologo /verbose /out:"Debug\Zone_Calculator.exe.embed.manifest" /manifest Debug\Zone_Calculator.exe.intermediate.manifest
         
     1>mt.exe : general error c101008a: Failed to save the updated manifest to the file "Debug\Zone_Calculator.exe.embed.manifest". The parameter is incorrect.
         
     1>Done Building Project "C:\Users\Mike\Documents\Documents\Old_School_Work_2010\COP1220\Programs\Switch_Case_Exam\Zone_Calculator\Zone_Calculator\Zone_Calculator.vcxproj" (build target(s)) -- FAILED.

Build FAILED.

Time Elapsed 00:00:02.09
