Build started 3/6/2013 6:35:32 PM.
     1>Project "C:\Users\Mike\Documents\Documents\Old_School_Work_2010\COP1220\Programs\Overflow and Underflow Examples\OverflowUnderflow\OverflowUnderflow\OverflowUnderflow.vcxproj" on node 2 (build target(s)).
     1>InitializeBuildStatus:
         Touching "Debug\OverflowUnderflow.unsuccessfulbuild".
       ClCompile:
         All outputs are up-to-date.
         c:\Program Files (x86)\Microsoft Visual Studio 10.0\VC\bin\CL.exe /c /ZI /nologo /W3 /WX- /Od /Oy- /D WIN32 /D _DEBUG /D _CONSOLE /D _UNICODE /D UNICODE /Gm /EHsc /RTC1 /MDd /GS /fp:precise /Zc:wchar_t /Zc:forScope /Yu"StdAfx.h" /Fp"Debug\OverflowUnderflow.pch" /Fo"Debug\\" /Fd"Debug\vc100.pdb" /Gd /TP /analyze- /errorReport:prompt OverflowUnderflow.cpp
         OverflowUnderflow.cpp
       ManifestResourceCompile:
         All outputs are up-to-date.
       Link:
         c:\Program Files (x86)\Microsoft Visual Studio 10.0\VC\bin\link.exe /ERRORREPORT:PROMPT /OUT:"C:\Users\Mike\Documents\Documents\Old_School_Work_2010\COP1220\Programs\Overflow and Underflow Examples\OverflowUnderflow\Debug\OverflowUnderflow.exe" /INCREMENTAL /NOLOGO kernel32.lib user32.lib gdi32.lib winspool.lib comdlg32.lib advapi32.lib shell32.lib ole32.lib oleaut32.lib uuid.lib odbc32.lib odbccp32.lib /MANIFEST /ManifestFile:"Debug\OverflowUnderflow.exe.intermediate.manifest" /MANIFESTUAC:"level='asInvoker' uiAccess='false'" /DEBUG /PDB:"C:\Users\Mike\Documents\Documents\Old_School_Work_2010\COP1220\Programs\Overflow and Underflow Examples\OverflowUnderflow\Debug\OverflowUnderflow.pdb" /SUBSYSTEM:CONSOLE /TLBID:1 /DYNAMICBASE /NXCOMPAT /IMPLIB:"C:\Users\Mike\Documents\Documents\Old_School_Work_2010\COP1220\Programs\Overflow and Underflow Examples\OverflowUnderflow\Debug\OverflowUnderflow.lib" /MACHINE:X86 Debug\OverflowUnderflow.exe.embed.manifest.res
         Debug\OverflowUnderflow.obj
         Debug\stdafx.obj
       Manifest:
         C:\Program Files (x86)\Microsoft SDKs\Windows\v7.0A\bin\mt.exe /nologo /verbose /out:"Debug\OverflowUnderflow.exe.embed.manifest" /manifest Debug\OverflowUnderflow.exe.intermediate.manifest
         
     1>mt.exe : general error c101008a: Failed to save the updated manifest to the file "Debug\OverflowUnderflow.exe.embed.manifest". The parameter is incorrect.
         
     1>Done Building Project "C:\Users\Mike\Documents\Documents\Old_School_Work_2010\COP1220\Programs\Overflow and Underflow Examples\OverflowUnderflow\OverflowUnderflow\OverflowUnderflow.vcxproj" (build target(s)) -- FAILED.

Build FAILED.

Time Elapsed 00:00:00.43
